<?xml version="1.0" encoding="UTF-8"?>
<!-- Generated by org.testng.reporters.JUnitReportReporter -->
<testsuite skipped="0" hostname="DESKTOP-CAVB348" name="testcases.BookStoreTestCases" tests="1" failures="0" timestamp="2022-07-30T22:00:53 IST" time="7.673" errors="0">
  <testcase name="testBookStore" time="7.673" classname="testcases.BookStoreTestCases"/>
  <system-out/>
</testsuite> <!-- testcases.BookStoreTestCases -->
