<?xml version="1.0" encoding="UTF-8"?>
<!-- Generated by org.testng.reporters.JUnitReportReporter -->
<testsuite skipped="0" hostname="DESKTOP-CAVB348" name="testcases.AlertPageTestCases" tests="1" failures="0" timestamp="2022-07-29T22:11:51 IST" time="9.301" errors="0">
  <testcase name="alertHandle" time="9.301" classname="testcases.AlertPageTestCases"/>
  <system-out/>
</testsuite> <!-- testcases.AlertPageTestCases -->
